[0.463s] Invoking command in '/home/downink4/WWU/CS497/ros-lab-2/py_pubsub': PYTHONPATH=/home/downink4/WWU/CS497/ros-lab-2/build/py_pubsub/prefix_override:/usr/lib/python3/dist-packages/colcon_core/task/python/colcon_distutils_commands:/home/downink4/WWU/CS497/ros-lab-2/install/py_pubsub/lib/python3.12/site-packages:${PYTHONPATH} /usr/bin/python3 -W ignore:setup.py install is deprecated -W ignore:easy_install command is deprecated setup.py egg_info --egg-base ../build/py_pubsub build --build-base /home/downink4/WWU/CS497/ros-lab-2/build/py_pubsub/build install --record /home/downink4/WWU/CS497/ros-lab-2/build/py_pubsub/install.log --single-version-externally-managed install_data
[0.612s] running egg_info
[0.622s] writing ../build/py_pubsub/py_pubsub.egg-info/PKG-INFO
[0.625s] writing dependency_links to ../build/py_pubsub/py_pubsub.egg-info/dependency_links.txt
[0.627s] writing entry points to ../build/py_pubsub/py_pubsub.egg-info/entry_points.txt
[0.630s] writing requirements to ../build/py_pubsub/py_pubsub.egg-info/requires.txt
[0.632s] writing top-level names to ../build/py_pubsub/py_pubsub.egg-info/top_level.txt
[0.656s] reading manifest file '../build/py_pubsub/py_pubsub.egg-info/SOURCES.txt'
[0.657s] adding license file 'LICENSE'
[0.657s] writing manifest file '../build/py_pubsub/py_pubsub.egg-info/SOURCES.txt'
[0.660s] running build
[0.660s] running build_py
[0.660s] copying py_pubsub/publisher_member_function.py -> /home/downink4/WWU/CS497/ros-lab-2/build/py_pubsub/build/lib/py_pubsub
[0.664s] running install
[0.668s] running install_lib
[0.678s] copying /home/downink4/WWU/CS497/ros-lab-2/build/py_pubsub/build/lib/py_pubsub/publisher_member_function.py -> /home/downink4/WWU/CS497/ros-lab-2/install/py_pubsub/lib/python3.12/site-packages/py_pubsub
[0.683s] byte-compiling /home/downink4/WWU/CS497/ros-lab-2/install/py_pubsub/lib/python3.12/site-packages/py_pubsub/publisher_member_function.py to publisher_member_function.cpython-312.pyc
[0.688s] running install_data
[0.688s] running install_egg_info
[0.703s] removing '/home/downink4/WWU/CS497/ros-lab-2/install/py_pubsub/lib/python3.12/site-packages/py_pubsub-0.0.0-py3.12.egg-info' (and everything under it)
[0.712s] Copying ../build/py_pubsub/py_pubsub.egg-info to /home/downink4/WWU/CS497/ros-lab-2/install/py_pubsub/lib/python3.12/site-packages/py_pubsub-0.0.0-py3.12.egg-info
[0.747s] running install_scripts
[0.923s] Installing talker script to /home/downink4/WWU/CS497/ros-lab-2/install/py_pubsub/lib/py_pubsub
[0.927s] writing list of installed files to '/home/downink4/WWU/CS497/ros-lab-2/build/py_pubsub/install.log'
[0.949s] Invoked command in '/home/downink4/WWU/CS497/ros-lab-2/py_pubsub' returned '0': PYTHONPATH=/home/downink4/WWU/CS497/ros-lab-2/build/py_pubsub/prefix_override:/usr/lib/python3/dist-packages/colcon_core/task/python/colcon_distutils_commands:/home/downink4/WWU/CS497/ros-lab-2/install/py_pubsub/lib/python3.12/site-packages:${PYTHONPATH} /usr/bin/python3 -W ignore:setup.py install is deprecated -W ignore:easy_install command is deprecated setup.py egg_info --egg-base ../build/py_pubsub build --build-base /home/downink4/WWU/CS497/ros-lab-2/build/py_pubsub/build install --record /home/downink4/WWU/CS497/ros-lab-2/build/py_pubsub/install.log --single-version-externally-managed install_data
