[0.031s] Invoking command in '/home/downink4/WWU/CS497/ros-lab-2/build/ros_gz_gazebo': CMAKE_PREFIX_PATH=/home/downink4/WWU/CS497/ros-lab-2/install/ros_gz_description:/opt/ros/jazzy/opt/gz_sim_vendor:/opt/ros/jazzy/opt/gz_sensors_vendor:/opt/ros/jazzy/opt/gz_physics_vendor:/opt/ros/jazzy/opt/sdformat_vendor:/opt/ros/jazzy/opt/gz_gui_vendor:/opt/ros/jazzy/opt/gz_transport_vendor:/opt/ros/jazzy/opt/gz_rendering_vendor:/opt/ros/jazzy/opt/gz_plugin_vendor:/opt/ros/jazzy/opt/gz_fuel_tools_vendor:/opt/ros/jazzy/opt/gz_msgs_vendor:/opt/ros/jazzy/opt/gz_common_vendor:/opt/ros/jazzy/opt/gz_math_vendor:/opt/ros/jazzy/opt/gz_utils_vendor:/opt/ros/jazzy/opt/gz_tools_vendor:/opt/ros/jazzy/opt/gz_ogre_next_vendor:/opt/ros/jazzy/opt/gz_dartsim_vendor:/opt/ros/jazzy/opt/gz_cmake_vendor:/opt/ros/jazzy PS1=<ROS2-Jazzy>[\u@\h \W]$ /usr/bin/cmake /home/downink4/WWU/CS497/ros-lab-2/ros_gz_gazebo -DBUILD_TESTING=ON -DCMAKE_INSTALL_PREFIX=/home/downink4/WWU/CS497/ros-lab-2/install/ros_gz_gazebo
[0.153s] -- The C compiler identification is GNU 13.3.0
[0.262s] -- The CXX compiler identification is GNU 13.3.0
[0.308s] -- Detecting C compiler ABI info
[0.611s] -- Detecting C compiler ABI info - done
[0.628s] -- Check for working C compiler: /usr/bin/cc - skipped
[0.629s] -- Detecting C compile features
[0.629s] -- Detecting C compile features - done
[0.666s] -- Detecting CXX compiler ABI info
[0.986s] -- Detecting CXX compiler ABI info - done
[0.997s] -- Check for working CXX compiler: /usr/bin/c++ - skipped
[0.997s] -- Detecting CXX compile features
[0.998s] -- Detecting CXX compile features - done
[1.047s] -- Found ament_cmake: 2.5.3 (/opt/ros/jazzy/share/ament_cmake/cmake)
[1.360s] -- Found Python3: /usr/bin/python3 (found version "3.12.3") found components: Interpreter 
[1.814s] -- Found ros_gz_description: 0.0.0 (/home/downink4/WWU/CS497/ros-lab-2/install/ros_gz_description/share/ros_gz_description/cmake)
[1.885s] -- Looking for gz-plugin2 -- found version 2.0.4
[1.888s] -- Searching for dependencies of gz-plugin2
[1.914s] -- Looking for gz-utils2 -- found version 2.2.1
[1.914s] -- Searching for dependencies of gz-utils2
[1.915s] -- Searching for <gz-utils2> component [cli]
[1.936s] -- Looking for gz-utils2-cli -- found version 2.2.1
[1.937s] -- Searching for dependencies of gz-utils2-cli
[1.939s] -- Searching for <gz-plugin2> component [register]
[1.955s] -- Looking for gz-plugin2-register -- found version 2.0.4
[1.955s] -- Searching for dependencies of gz-plugin2-register
[1.977s] -- Looking for gz-common5 -- found version 5.7.1
[1.977s] -- Searching for dependencies of gz-common5
[1.978s] -- Looking for gz-utils2 -- found version 2.2.1
[1.984s] -- Looking for dlfcn.h - found
[2.004s] -- Looking for libdl - found
[2.006s] -- Found DL: TRUE  
[2.024s] -- Checking for module 'uuid'
[2.052s] --   Found uuid, version 2.39.3
[2.111s] -- Found UUID: TRUE  
[2.113s] -- Searching for <gz-common5> component [profiler]
[2.133s] -- Looking for gz-common5-profiler -- found version 5.7.1
[2.133s] -- Searching for dependencies of gz-common5-profiler
[2.153s] -- Looking for gz-sim8 -- found version 8.9.0
[2.153s] -- Searching for dependencies of gz-sim8
[2.168s] -- Looking for sdformat14 -- found version 14.7.0
[2.168s] -- Searching for dependencies of sdformat14
[2.180s] -- Checking for module 'tinyxml2'
[2.205s] --   Found tinyxml2, version 10.0.0
[2.291s] -- Looking for gz-math7 -- found version 7.5.2
[2.292s] -- Searching for dependencies of gz-math7
[2.292s] -- Looking for gz-utils2 -- found version 2.2.1
[2.295s] -- Looking for gz-utils2 -- found version 2.2.1
[2.298s] -- Looking for gz-plugin2 -- found version 2.0.4
[2.299s] -- Searching for dependencies of gz-plugin2
[2.299s] -- Looking for gz-utils2 -- found version 2.2.1
[2.299s] -- Searching for <gz-plugin2> component [loader]
[2.316s] -- Looking for gz-plugin2-loader -- found version 2.0.4
[2.317s] -- Searching for dependencies of gz-plugin2-loader
[2.318s] -- Searching for <gz-plugin2> component [register]
[2.334s] -- Looking for gz-transport13 -- found version 13.4.1
[2.334s] -- Searching for dependencies of gz-transport13
[2.957s] -- Found Protobuf: /usr/lib/x86_64-linux-gnu/libprotobuf.so (found version "3.21.12") 
[3.021s] -- Config-file not installed for ZeroMQ -- checking for pkg-config
[3.030s] -- Checking for module 'libzmq >= 4'
[3.063s] --   Found libzmq, version 4.3.5
[3.162s] -- Found ZeroMQ: TRUE (Required is at least version "4") 
[3.168s] -- Looking for gz-utils2 -- found version 2.2.1
[3.178s] -- Looking for gz-msgs10 -- found version 10.3.2
[3.178s] -- Searching for dependencies of gz-msgs10
[3.235s] -- Looking for gz-utils2 -- found version 2.2.1
[3.236s] -- Looking for gz-math7 -- found version 7.5.2
[3.253s] -- Searching for <gz-transport13> component [log]
[3.269s] -- Looking for gz-transport13-log -- found version 13.4.1
[3.270s] -- Searching for dependencies of gz-transport13-log
[3.271s] -- Searching for <gz-transport13> component [parameters]
[3.285s] -- Looking for gz-transport13-parameters -- found version 13.4.1
[3.285s] -- Searching for dependencies of gz-transport13-parameters
[3.287s] -- Looking for gz-msgs10 -- found version 10.3.2
[3.288s] -- Looking for gz-common5 -- found version 5.7.1
[3.289s] -- Searching for dependencies of gz-common5
[3.289s] -- Looking for gz-utils2 -- found version 2.2.1
[3.289s] -- Looking for dlfcn.h - found
[3.289s] -- Looking for libdl - found
[3.297s] -- Searching for <gz-common5> component [av]
[3.309s] -- Looking for gz-common5-av -- found version 5.7.1
[3.309s] -- Searching for dependencies of gz-common5-av
[3.315s] -- Checking for module 'libswscale'
[3.341s] --   Found libswscale, version 7.5.100
[3.406s] -- Found SWSCALE: TRUE  
[3.419s] -- Checking for module 'libavdevice >= 56.4.100'
[3.451s] --   Found libavdevice, version 60.3.100
[3.562s] -- Found AVDEVICE: TRUE (Required is at least version "56.4.100") 
[3.574s] -- Checking for module 'libavformat'
[3.601s] --   Found libavformat, version 60.16.100
[3.681s] -- Found AVFORMAT: TRUE  
[3.694s] -- Checking for module 'libavcodec'
[3.722s] --   Found libavcodec, version 60.31.102
[3.798s] -- Found AVCODEC: TRUE  
[3.810s] -- Checking for module 'libavutil'
[3.837s] --   Found libavutil, version 58.29.100
[3.904s] -- Found AVUTIL: TRUE  
[3.905s] -- Searching for <gz-common5> component [events]
[3.928s] -- Looking for gz-common5-events -- found version 5.7.1
[3.928s] -- Searching for dependencies of gz-common5-events
[3.929s] -- Looking for gz-math7 -- found version 7.5.2
[3.930s] -- Searching for <gz-common5> component [graphics]
[3.950s] -- Looking for gz-common5-graphics -- found version 5.7.1
[3.950s] -- Searching for dependencies of gz-common5-graphics
[3.951s] -- Looking for gz-math7 -- found version 7.5.2
[3.987s] -- Found GzAssimp: TRUE (found version "5.3.0") 
[3.988s] -- Searching for <gz-common5> component [io]
[4.008s] -- Looking for gz-common5-io -- found version 5.7.1
[4.008s] -- Searching for dependencies of gz-common5-io
[4.010s] -- Searching for <gz-common5> component [profiler]
[4.030s] -- Looking for gz-fuel_tools9 -- found version 9.1.1
[4.031s] -- Searching for dependencies of gz-fuel_tools9
[4.202s] -- Found CURL: /usr/lib/x86_64-linux-gnu/libcurl.so (found version "8.5.0")  
[4.219s] -- Checking for module 'jsoncpp'
[4.228s] --   Found jsoncpp, version 1.9.5
[4.256s] -- Found JSONCPP: TRUE  
[4.305s] -- Checking for module 'yaml-0.1'
[4.325s] --   Found yaml-0.1, version 0.2.5
[4.388s] -- Found YAML: TRUE  
[4.400s] -- Checking for module 'libzip'
[4.433s] --   Found libzip, version 1.7.3
[4.498s] -- Found ZIP: TRUE  
[4.499s] -- Looking for gz-utils2 -- found version 2.2.1
[4.500s] -- Looking for gz-common5 -- found version 5.7.1
[4.500s] -- Searching for dependencies of gz-common5
[4.501s] -- Looking for gz-utils2 -- found version 2.2.1
[4.501s] -- Looking for dlfcn.h - found
[4.501s] -- Looking for libdl - found
[4.510s] -- Searching for <gz-common5> component [testing]
[4.523s] -- Looking for gz-common5-testing -- found version 5.7.1
[4.523s] -- Searching for dependencies of gz-common5-testing
[4.525s] -- Looking for gz-math7 -- found version 7.5.2
[4.525s] -- Looking for gz-msgs10 -- found version 10.3.2
[4.542s] -- Looking for gz-gui8 -- found version 8.4.0
[4.542s] -- Searching for dependencies of gz-gui8
[4.620s] -- Looking for gz-utils2 -- found version 2.2.1
[4.620s] -- Looking for gz-math7 -- found version 7.5.2
[4.621s] -- Looking for gz-common5 -- found version 5.7.1
[4.621s] -- Looking for gz-plugin2 -- found version 2.0.4
[4.621s] -- Looking for gz-transport13 -- found version 13.4.1
[4.635s] -- Looking for gz-rendering8 -- found version 8.2.2
[4.635s] -- Searching for dependencies of gz-rendering8
[4.636s] -- Looking for gz-math7 -- found version 7.5.2
[4.637s] -- Searching for dependencies of gz-math7
[4.637s] -- Looking for gz-utils2 -- found version 2.2.1
[4.638s] -- Searching for <gz-math7> component [eigen3]
[4.660s] -- Looking for gz-math7-eigen3 -- found version 7.5.2
[4.660s] -- Searching for dependencies of gz-math7-eigen3
[4.705s] -- Looking for gz-common5 -- found version 5.7.1
[4.706s] -- Searching for dependencies of gz-common5
[4.706s] -- Looking for gz-utils2 -- found version 2.2.1
[4.706s] -- Looking for dlfcn.h - found
[4.707s] -- Looking for libdl - found
[4.714s] -- Searching for <gz-common5> component [graphics]
[4.715s] -- Searching for <gz-common5> component [events]
[4.715s] -- Searching for <gz-common5> component [geospatial]
[4.726s] -- Looking for gz-common5-geospatial -- found version 5.7.1
[4.726s] -- Searching for dependencies of gz-common5-geospatial
[4.726s] -- Looking for gz-math7 -- found version 7.5.2
[4.727s] -- Looking for gz-common5 -- found version 5.7.1
[4.728s] -- Looking for gz-plugin2 -- found version 2.0.4
[4.728s] -- Searching for dependencies of gz-plugin2
[4.728s] -- Looking for gz-utils2 -- found version 2.2.1
[4.728s] -- Searching for <gz-plugin2> component [all]
[4.738s] -- Looking for all libraries of gz-plugin2 -- found version 2.0.4
[4.738s] -- Looking for gz-plugin2 -- found version 2.0.4
[4.739s] -- Looking for gz-utils2 -- found version 2.2.1
[4.759s] -- Found OpenGL: /usr/lib/x86_64-linux-gnu/libOpenGL.so  found components: OpenGL 
[4.762s] -- Looking for gz-msgs10 -- found version 10.3.2
[4.828s] -- Looking for gz-physics7 -- found version 7.5.0
[4.828s] -- Searching for dependencies of gz-physics7
[4.829s] -- Looking for gz-common5 -- found version 5.7.1
[4.830s] -- Looking for gz-math7 -- found version 7.5.2
[4.831s] -- Looking for gz-plugin2 -- found version 2.0.4
[4.832s] -- Looking for gz-utils2 -- found version 2.2.1
[4.835s] -- Searching for <gz-physics7> component [heightmap]
[4.847s] -- Looking for gz-physics7-heightmap -- found version 7.5.0
[4.847s] -- Searching for dependencies of gz-physics7-heightmap
[4.848s] -- Looking for gz-common5 -- found version 5.7.1
[4.849s] -- Searching for <gz-physics7> component [mesh]
[4.860s] -- Looking for gz-physics7-mesh -- found version 7.5.0
[4.861s] -- Searching for dependencies of gz-physics7-mesh
[4.862s] -- Looking for gz-common5 -- found version 5.7.1
[4.863s] -- Searching for <gz-physics7> component [sdf]
[4.875s] -- Looking for gz-physics7-sdf -- found version 7.5.0
[4.875s] -- Searching for dependencies of gz-physics7-sdf
[4.876s] -- Looking for sdformat14 -- found version 14.7.0
[4.891s] -- Looking for gz-sensors8 -- found version 8.2.2
[4.891s] -- Searching for dependencies of gz-sensors8
[4.967s] -- Looking for gz-math7 -- found version 7.5.2
[4.968s] -- Looking for gz-common5 -- found version 5.7.1
[4.969s] -- Looking for gz-transport13 -- found version 13.4.1
[4.970s] -- Looking for gz-rendering8 -- found version 8.2.2
[4.971s] -- Looking for gz-msgs10 -- found version 10.3.2
[4.972s] -- Looking for sdformat14 -- found version 14.7.0
[4.974s] -- Searching for <gz-sensors8> component [air_pressure]
[4.986s] -- Looking for gz-sensors8-air_pressure -- found version 8.2.2
[4.987s] -- Searching for dependencies of gz-sensors8-air_pressure
[4.988s] -- Searching for <gz-sensors8> component [air_speed]
[4.997s] -- Looking for gz-sensors8-air_speed -- found version 8.2.2
[4.998s] -- Searching for dependencies of gz-sensors8-air_speed
[5.000s] -- Searching for <gz-sensors8> component [altimeter]
[5.010s] -- Looking for gz-sensors8-altimeter -- found version 8.2.2
[5.010s] -- Searching for dependencies of gz-sensors8-altimeter
[5.012s] -- Searching for <gz-sensors8> component [imu]
[5.022s] -- Looking for gz-sensors8-imu -- found version 8.2.2
[5.022s] -- Searching for dependencies of gz-sensors8-imu
[5.024s] -- Searching for <gz-sensors8> component [force_torque]
[5.034s] -- Looking for gz-sensors8-force_torque -- found version 8.2.2
[5.034s] -- Searching for dependencies of gz-sensors8-force_torque
[5.036s] -- Searching for <gz-sensors8> component [logical_camera]
[5.045s] -- Looking for gz-sensors8-logical_camera -- found version 8.2.2
[5.046s] -- Searching for dependencies of gz-sensors8-logical_camera
[5.047s] -- Searching for <gz-sensors8> component [magnetometer]
[5.059s] -- Looking for gz-sensors8-magnetometer -- found version 8.2.2
[5.060s] -- Searching for dependencies of gz-sensors8-magnetometer
[5.061s] -- Searching for <gz-sensors8> component [navsat]
[5.072s] -- Looking for gz-sensors8-navsat -- found version 8.2.2
[5.072s] -- Searching for dependencies of gz-sensors8-navsat
[5.074s] -- Searching for <gz-sensors8> component [dvl]
[5.083s] -- Looking for gz-sensors8-dvl -- found version 8.2.2
[5.083s] -- Searching for dependencies of gz-sensors8-dvl
[5.085s] -- Looking for gz-sensors8 -- found version 8.2.2
[5.085s] -- Searching for dependencies of gz-sensors8
[5.157s] -- Looking for gz-math7 -- found version 7.5.2
[5.158s] -- Looking for gz-common5 -- found version 5.7.1
[5.159s] -- Looking for gz-transport13 -- found version 13.4.1
[5.160s] -- Looking for gz-rendering8 -- found version 8.2.2
[5.161s] -- Looking for gz-msgs10 -- found version 10.3.2
[5.162s] -- Looking for sdformat14 -- found version 14.7.0
[5.162s] -- Searching for <gz-sensors8> component [rendering]
[5.173s] -- Looking for gz-sensors8-rendering -- found version 8.2.2
[5.173s] -- Searching for dependencies of gz-sensors8-rendering
[5.177s] -- Searching for <gz-sensors8> component [rendering]
[5.178s] -- Searching for <gz-sensors8> component [lidar]
[5.187s] -- Looking for gz-sensors8-lidar -- found version 8.2.2
[5.188s] -- Searching for dependencies of gz-sensors8-lidar
[5.189s] -- Looking for gz-sensors8 -- found version 8.2.2
[5.190s] -- Searching for <gz-sensors8> component [gpu_lidar]
[5.201s] -- Looking for gz-sensors8-gpu_lidar -- found version 8.2.2
[5.201s] -- Searching for dependencies of gz-sensors8-gpu_lidar
[5.202s] -- Looking for gz-sensors8 -- found version 8.2.2
[5.204s] -- Searching for <gz-sensors8> component [camera]
[5.214s] -- Looking for gz-sensors8-camera -- found version 8.2.2
[5.214s] -- Searching for dependencies of gz-sensors8-camera
[5.215s] -- Looking for gz-sensors8 -- found version 8.2.2
[5.217s] -- Searching for <gz-sensors8> component [boundingbox_camera]
[5.226s] -- Looking for gz-sensors8-boundingbox_camera -- found version 8.2.2
[5.227s] -- Searching for dependencies of gz-sensors8-boundingbox_camera
[5.228s] -- Searching for <gz-sensors8> component [segmentation_camera]
[5.238s] -- Looking for gz-sensors8-segmentation_camera -- found version 8.2.2
[5.238s] -- Searching for dependencies of gz-sensors8-segmentation_camera
[5.240s] -- Searching for <gz-sensors8> component [depth_camera]
[5.249s] -- Looking for gz-sensors8-depth_camera -- found version 8.2.2
[5.250s] -- Searching for dependencies of gz-sensors8-depth_camera
[5.251s] -- Looking for gz-sensors8 -- found version 8.2.2
[5.252s] -- Searching for <gz-sensors8> component [rgbd_camera]
[5.262s] -- Looking for gz-sensors8-rgbd_camera -- found version 8.2.2
[5.262s] -- Searching for dependencies of gz-sensors8-rgbd_camera
[5.263s] -- Looking for gz-sensors8 -- found version 8.2.2
[5.265s] -- Searching for <gz-sensors8> component [thermal_camera]
[5.274s] -- Looking for gz-sensors8-thermal_camera -- found version 8.2.2
[5.274s] -- Searching for dependencies of gz-sensors8-thermal_camera
[5.275s] -- Looking for gz-sensors8 -- found version 8.2.2
[5.277s] -- Searching for <gz-sensors8> component [wide_angle_camera]
[5.287s] -- Looking for gz-sensors8-wide_angle_camera -- found version 8.2.2
[5.287s] -- Searching for dependencies of gz-sensors8-wide_angle_camera
[5.290s] -- Looking for gz-rendering8 -- found version 8.2.2
[5.291s] -- Looking for gz-math7 -- found version 7.5.2
[5.292s] -- Looking for gz-utils2 -- found version 2.2.1
[5.365s] -- Compiling against Gazebo Harmonic
[5.401s] -- Found ament_lint_auto: 0.17.2 (/opt/ros/jazzy/share/ament_lint_auto/cmake)
[5.576s] -- Configuring done (5.5s)
[5.850s] -- Generating done (0.2s)
[5.912s] -- Build files have been written to: /home/downink4/WWU/CS497/ros-lab-2/build/ros_gz_gazebo
[5.927s] Invoked command in '/home/downink4/WWU/CS497/ros-lab-2/build/ros_gz_gazebo' returned '0': CMAKE_PREFIX_PATH=/home/downink4/WWU/CS497/ros-lab-2/install/ros_gz_description:/opt/ros/jazzy/opt/gz_sim_vendor:/opt/ros/jazzy/opt/gz_sensors_vendor:/opt/ros/jazzy/opt/gz_physics_vendor:/opt/ros/jazzy/opt/sdformat_vendor:/opt/ros/jazzy/opt/gz_gui_vendor:/opt/ros/jazzy/opt/gz_transport_vendor:/opt/ros/jazzy/opt/gz_rendering_vendor:/opt/ros/jazzy/opt/gz_plugin_vendor:/opt/ros/jazzy/opt/gz_fuel_tools_vendor:/opt/ros/jazzy/opt/gz_msgs_vendor:/opt/ros/jazzy/opt/gz_common_vendor:/opt/ros/jazzy/opt/gz_math_vendor:/opt/ros/jazzy/opt/gz_utils_vendor:/opt/ros/jazzy/opt/gz_tools_vendor:/opt/ros/jazzy/opt/gz_ogre_next_vendor:/opt/ros/jazzy/opt/gz_dartsim_vendor:/opt/ros/jazzy/opt/gz_cmake_vendor:/opt/ros/jazzy PS1=<ROS2-Jazzy>[\u@\h \W]$ /usr/bin/cmake /home/downink4/WWU/CS497/ros-lab-2/ros_gz_gazebo -DBUILD_TESTING=ON -DCMAKE_INSTALL_PREFIX=/home/downink4/WWU/CS497/ros-lab-2/install/ros_gz_gazebo
[5.928s] Invoking command in '/home/downink4/WWU/CS497/ros-lab-2/build/ros_gz_gazebo': CMAKE_PREFIX_PATH=/home/downink4/WWU/CS497/ros-lab-2/install/ros_gz_description:/opt/ros/jazzy/opt/gz_sim_vendor:/opt/ros/jazzy/opt/gz_sensors_vendor:/opt/ros/jazzy/opt/gz_physics_vendor:/opt/ros/jazzy/opt/sdformat_vendor:/opt/ros/jazzy/opt/gz_gui_vendor:/opt/ros/jazzy/opt/gz_transport_vendor:/opt/ros/jazzy/opt/gz_rendering_vendor:/opt/ros/jazzy/opt/gz_plugin_vendor:/opt/ros/jazzy/opt/gz_fuel_tools_vendor:/opt/ros/jazzy/opt/gz_msgs_vendor:/opt/ros/jazzy/opt/gz_common_vendor:/opt/ros/jazzy/opt/gz_math_vendor:/opt/ros/jazzy/opt/gz_utils_vendor:/opt/ros/jazzy/opt/gz_tools_vendor:/opt/ros/jazzy/opt/gz_ogre_next_vendor:/opt/ros/jazzy/opt/gz_dartsim_vendor:/opt/ros/jazzy/opt/gz_cmake_vendor:/opt/ros/jazzy PS1=<ROS2-Jazzy>[\u@\h \W]$ /usr/bin/cmake --build /home/downink4/WWU/CS497/ros-lab-2/build/ros_gz_gazebo -- -j28 -l28
[6.095s] [ 50%] [32mBuilding CXX object CMakeFiles/BasicSystem.dir/src/BasicSystem.cc.o[0m
[6.096s] [ 50%] [32mBuilding CXX object CMakeFiles/FullSystem.dir/src/FullSystem.cc.o[0m
[7.812s] [ 75%] [32m[1mLinking CXX shared library libBasicSystem.so[0m
[7.849s] [100%] [32m[1mLinking CXX shared library libFullSystem.so[0m
[8.045s] [100%] Built target BasicSystem
[8.046s] [100%] Built target FullSystem
[8.063s] Invoked command in '/home/downink4/WWU/CS497/ros-lab-2/build/ros_gz_gazebo' returned '0': CMAKE_PREFIX_PATH=/home/downink4/WWU/CS497/ros-lab-2/install/ros_gz_description:/opt/ros/jazzy/opt/gz_sim_vendor:/opt/ros/jazzy/opt/gz_sensors_vendor:/opt/ros/jazzy/opt/gz_physics_vendor:/opt/ros/jazzy/opt/sdformat_vendor:/opt/ros/jazzy/opt/gz_gui_vendor:/opt/ros/jazzy/opt/gz_transport_vendor:/opt/ros/jazzy/opt/gz_rendering_vendor:/opt/ros/jazzy/opt/gz_plugin_vendor:/opt/ros/jazzy/opt/gz_fuel_tools_vendor:/opt/ros/jazzy/opt/gz_msgs_vendor:/opt/ros/jazzy/opt/gz_common_vendor:/opt/ros/jazzy/opt/gz_math_vendor:/opt/ros/jazzy/opt/gz_utils_vendor:/opt/ros/jazzy/opt/gz_tools_vendor:/opt/ros/jazzy/opt/gz_ogre_next_vendor:/opt/ros/jazzy/opt/gz_dartsim_vendor:/opt/ros/jazzy/opt/gz_cmake_vendor:/opt/ros/jazzy PS1=<ROS2-Jazzy>[\u@\h \W]$ /usr/bin/cmake --build /home/downink4/WWU/CS497/ros-lab-2/build/ros_gz_gazebo -- -j28 -l28
[8.067s] Invoking command in '/home/downink4/WWU/CS497/ros-lab-2/build/ros_gz_gazebo': CMAKE_PREFIX_PATH=/home/downink4/WWU/CS497/ros-lab-2/install/ros_gz_description:/opt/ros/jazzy/opt/gz_sim_vendor:/opt/ros/jazzy/opt/gz_sensors_vendor:/opt/ros/jazzy/opt/gz_physics_vendor:/opt/ros/jazzy/opt/sdformat_vendor:/opt/ros/jazzy/opt/gz_gui_vendor:/opt/ros/jazzy/opt/gz_transport_vendor:/opt/ros/jazzy/opt/gz_rendering_vendor:/opt/ros/jazzy/opt/gz_plugin_vendor:/opt/ros/jazzy/opt/gz_fuel_tools_vendor:/opt/ros/jazzy/opt/gz_msgs_vendor:/opt/ros/jazzy/opt/gz_common_vendor:/opt/ros/jazzy/opt/gz_math_vendor:/opt/ros/jazzy/opt/gz_utils_vendor:/opt/ros/jazzy/opt/gz_tools_vendor:/opt/ros/jazzy/opt/gz_ogre_next_vendor:/opt/ros/jazzy/opt/gz_dartsim_vendor:/opt/ros/jazzy/opt/gz_cmake_vendor:/opt/ros/jazzy PS1=<ROS2-Jazzy>[\u@\h \W]$ /usr/bin/cmake --install /home/downink4/WWU/CS497/ros-lab-2/build/ros_gz_gazebo
[8.091s] -- Install configuration: ""
[8.096s] -- Installing: /home/downink4/WWU/CS497/ros-lab-2/install/ros_gz_gazebo/lib/ros_gz_gazebo/libBasicSystem.so
[8.109s] -- Set non-toolchain portion of runtime path of "/home/downink4/WWU/CS497/ros-lab-2/install/ros_gz_gazebo/lib/ros_gz_gazebo/libBasicSystem.so" to ""
[8.111s] -- Installing: /home/downink4/WWU/CS497/ros-lab-2/install/ros_gz_gazebo/lib/ros_gz_gazebo/libFullSystem.so
[8.128s] -- Set non-toolchain portion of runtime path of "/home/downink4/WWU/CS497/ros-lab-2/install/ros_gz_gazebo/lib/ros_gz_gazebo/libFullSystem.so" to ""
[8.129s] -- Installing: /home/downink4/WWU/CS497/ros-lab-2/install/ros_gz_gazebo/share/ros_gz_gazebo/worlds
[8.135s] -- Installing: /home/downink4/WWU/CS497/ros-lab-2/install/ros_gz_gazebo/share/ros_gz_gazebo/worlds/maze.sdf
[8.141s] -- Installing: /home/downink4/WWU/CS497/ros-lab-2/install/ros_gz_gazebo/share/ros_gz_gazebo/worlds/diff_drive.sdf
[8.152s] -- Installing: /home/downink4/WWU/CS497/ros-lab-2/install/ros_gz_gazebo/share/ros_gz_gazebo/environment/ros_gz_gazebo.dsv
[8.157s] -- Installing: /home/downink4/WWU/CS497/ros-lab-2/install/ros_gz_gazebo/share/ros_gz_gazebo/environment/ros_gz_gazebo.sh
[8.167s] -- Installing: /home/downink4/WWU/CS497/ros-lab-2/install/ros_gz_gazebo/share/ament_index/resource_index/package_run_dependencies/ros_gz_gazebo
[8.176s] -- Installing: /home/downink4/WWU/CS497/ros-lab-2/install/ros_gz_gazebo/share/ament_index/resource_index/parent_prefix_path/ros_gz_gazebo
[8.182s] -- Installing: /home/downink4/WWU/CS497/ros-lab-2/install/ros_gz_gazebo/share/ros_gz_gazebo/environment/ament_prefix_path.sh
[8.187s] -- Installing: /home/downink4/WWU/CS497/ros-lab-2/install/ros_gz_gazebo/share/ros_gz_gazebo/environment/ament_prefix_path.dsv
[8.193s] -- Installing: /home/downink4/WWU/CS497/ros-lab-2/install/ros_gz_gazebo/share/ros_gz_gazebo/environment/path.sh
[8.198s] -- Installing: /home/downink4/WWU/CS497/ros-lab-2/install/ros_gz_gazebo/share/ros_gz_gazebo/environment/path.dsv
[8.204s] -- Installing: /home/downink4/WWU/CS497/ros-lab-2/install/ros_gz_gazebo/share/ros_gz_gazebo/local_setup.bash
[8.209s] -- Installing: /home/downink4/WWU/CS497/ros-lab-2/install/ros_gz_gazebo/share/ros_gz_gazebo/local_setup.sh
[8.215s] -- Installing: /home/downink4/WWU/CS497/ros-lab-2/install/ros_gz_gazebo/share/ros_gz_gazebo/local_setup.zsh
[8.221s] -- Installing: /home/downink4/WWU/CS497/ros-lab-2/install/ros_gz_gazebo/share/ros_gz_gazebo/local_setup.dsv
[8.226s] -- Installing: /home/downink4/WWU/CS497/ros-lab-2/install/ros_gz_gazebo/share/ros_gz_gazebo/package.dsv
[8.235s] -- Installing: /home/downink4/WWU/CS497/ros-lab-2/install/ros_gz_gazebo/share/ament_index/resource_index/packages/ros_gz_gazebo
[8.244s] -- Installing: /home/downink4/WWU/CS497/ros-lab-2/install/ros_gz_gazebo/share/ros_gz_gazebo/cmake/ros_gz_gazeboConfig.cmake
[8.251s] -- Installing: /home/downink4/WWU/CS497/ros-lab-2/install/ros_gz_gazebo/share/ros_gz_gazebo/cmake/ros_gz_gazeboConfig-version.cmake
[8.257s] -- Installing: /home/downink4/WWU/CS497/ros-lab-2/install/ros_gz_gazebo/share/ros_gz_gazebo/package.xml
[8.268s] Invoked command in '/home/downink4/WWU/CS497/ros-lab-2/build/ros_gz_gazebo' returned '0': CMAKE_PREFIX_PATH=/home/downink4/WWU/CS497/ros-lab-2/install/ros_gz_description:/opt/ros/jazzy/opt/gz_sim_vendor:/opt/ros/jazzy/opt/gz_sensors_vendor:/opt/ros/jazzy/opt/gz_physics_vendor:/opt/ros/jazzy/opt/sdformat_vendor:/opt/ros/jazzy/opt/gz_gui_vendor:/opt/ros/jazzy/opt/gz_transport_vendor:/opt/ros/jazzy/opt/gz_rendering_vendor:/opt/ros/jazzy/opt/gz_plugin_vendor:/opt/ros/jazzy/opt/gz_fuel_tools_vendor:/opt/ros/jazzy/opt/gz_msgs_vendor:/opt/ros/jazzy/opt/gz_common_vendor:/opt/ros/jazzy/opt/gz_math_vendor:/opt/ros/jazzy/opt/gz_utils_vendor:/opt/ros/jazzy/opt/gz_tools_vendor:/opt/ros/jazzy/opt/gz_ogre_next_vendor:/opt/ros/jazzy/opt/gz_dartsim_vendor:/opt/ros/jazzy/opt/gz_cmake_vendor:/opt/ros/jazzy PS1=<ROS2-Jazzy>[\u@\h \W]$ /usr/bin/cmake --install /home/downink4/WWU/CS497/ros-lab-2/build/ros_gz_gazebo
