running egg_info
creating ../build/py_pubsub/py_pubsub.egg-info
writing ../build/py_pubsub/py_pubsub.egg-info/PKG-INFO
writing dependency_links to ../build/py_pubsub/py_pubsub.egg-info/dependency_links.txt
writing requirements to ../build/py_pubsub/py_pubsub.egg-info/requires.txt
writing top-level names to ../build/py_pubsub/py_pubsub.egg-info/top_level.txt
writing manifest file '../build/py_pubsub/py_pubsub.egg-info/SOURCES.txt'
reading manifest file '../build/py_pubsub/py_pubsub.egg-info/SOURCES.txt'
adding license file 'LICENSE'
writing manifest file '../build/py_pubsub/py_pubsub.egg-info/SOURCES.txt'
running build
running install
running install_data
creating /home/downink4/WWU/CS497/ros-lab-2/install/py_pubsub/share/ament_index
creating /home/downink4/WWU/CS497/ros-lab-2/install/py_pubsub/share/ament_index/resource_index
creating /home/downink4/WWU/CS497/ros-lab-2/install/py_pubsub/share/ament_index/resource_index/packages
copying resource/py_pubsub -> /home/downink4/WWU/CS497/ros-lab-2/install/py_pubsub/share/ament_index/resource_index/packages
copying package.xml -> /home/downink4/WWU/CS497/ros-lab-2/install/py_pubsub/share/py_pubsub
running install_egg_info
Copying ../build/py_pubsub/py_pubsub.egg-info to /home/downink4/WWU/CS497/ros-lab-2/install/py_pubsub/lib/python3.12/site-packages/py_pubsub-0.0.0-py3.12.egg-info
running install_scripts
writing list of installed files to '/home/downink4/WWU/CS497/ros-lab-2/build/py_pubsub/install.log'
