[0.845s] Invoking command in '/home/downink4/WWU/CS497/ros-lab-2/py_pubsub': PYTHONPATH=/home/downink4/WWU/CS497/ros-lab-2/build/py_pubsub/prefix_override:/usr/lib/python3/dist-packages/colcon_core/task/python/colcon_distutils_commands:/home/downink4/WWU/CS497/ros-lab-2/install/py_pubsub/lib/python3.12/site-packages:${PYTHONPATH} /usr/bin/python3 -W ignore:setup.py install is deprecated -W ignore:easy_install command is deprecated setup.py egg_info --egg-base ../build/py_pubsub build --build-base /home/downink4/WWU/CS497/ros-lab-2/build/py_pubsub/build install --record /home/downink4/WWU/CS497/ros-lab-2/build/py_pubsub/install.log --single-version-externally-managed install_data
[0.974s] running egg_info
[0.975s] creating ../build/py_pubsub/py_pubsub.egg-info
[0.987s] writing ../build/py_pubsub/py_pubsub.egg-info/PKG-INFO
[0.990s] writing dependency_links to ../build/py_pubsub/py_pubsub.egg-info/dependency_links.txt
[0.993s] writing requirements to ../build/py_pubsub/py_pubsub.egg-info/requires.txt
[0.994s] writing top-level names to ../build/py_pubsub/py_pubsub.egg-info/top_level.txt
[0.996s] writing manifest file '../build/py_pubsub/py_pubsub.egg-info/SOURCES.txt'
[1.012s] reading manifest file '../build/py_pubsub/py_pubsub.egg-info/SOURCES.txt'
[1.014s] adding license file 'LICENSE'
[1.014s] writing manifest file '../build/py_pubsub/py_pubsub.egg-info/SOURCES.txt'
[1.015s] running build
[1.016s] running install
[1.019s] running install_data
[1.019s] creating /home/downink4/WWU/CS497/ros-lab-2/install/py_pubsub/share/ament_index
[1.020s] creating /home/downink4/WWU/CS497/ros-lab-2/install/py_pubsub/share/ament_index/resource_index
[1.021s] creating /home/downink4/WWU/CS497/ros-lab-2/install/py_pubsub/share/ament_index/resource_index/packages
[1.022s] copying resource/py_pubsub -> /home/downink4/WWU/CS497/ros-lab-2/install/py_pubsub/share/ament_index/resource_index/packages
[1.025s] copying package.xml -> /home/downink4/WWU/CS497/ros-lab-2/install/py_pubsub/share/py_pubsub
[1.027s] running install_egg_info
[1.047s] Copying ../build/py_pubsub/py_pubsub.egg-info to /home/downink4/WWU/CS497/ros-lab-2/install/py_pubsub/lib/python3.12/site-packages/py_pubsub-0.0.0-py3.12.egg-info
[1.075s] running install_scripts
[1.211s] writing list of installed files to '/home/downink4/WWU/CS497/ros-lab-2/build/py_pubsub/install.log'
[1.225s] Invoked command in '/home/downink4/WWU/CS497/ros-lab-2/py_pubsub' returned '0': PYTHONPATH=/home/downink4/WWU/CS497/ros-lab-2/build/py_pubsub/prefix_override:/usr/lib/python3/dist-packages/colcon_core/task/python/colcon_distutils_commands:/home/downink4/WWU/CS497/ros-lab-2/install/py_pubsub/lib/python3.12/site-packages:${PYTHONPATH} /usr/bin/python3 -W ignore:setup.py install is deprecated -W ignore:easy_install command is deprecated setup.py egg_info --egg-base ../build/py_pubsub build --build-base /home/downink4/WWU/CS497/ros-lab-2/build/py_pubsub/build install --record /home/downink4/WWU/CS497/ros-lab-2/build/py_pubsub/install.log --single-version-externally-managed install_data
