[0.501s] Invoking command in '/home/downink4/WWU/CS497/ros-lab-2/py_pubsub': PYTHONPATH=/home/downink4/WWU/CS497/ros-lab-2/build/py_pubsub/prefix_override:/usr/lib/python3/dist-packages/colcon_core/task/python/colcon_distutils_commands:/home/downink4/WWU/CS497/ros-lab-2/install/py_pubsub/lib/python3.12/site-packages:${PYTHONPATH} /usr/bin/python3 -W ignore:setup.py install is deprecated -W ignore:easy_install command is deprecated setup.py egg_info --egg-base ../build/py_pubsub build --build-base /home/downink4/WWU/CS497/ros-lab-2/build/py_pubsub/build install --record /home/downink4/WWU/CS497/ros-lab-2/build/py_pubsub/install.log --single-version-externally-managed install_data
[0.639s] running egg_info
[0.649s] writing ../build/py_pubsub/py_pubsub.egg-info/PKG-INFO
[0.652s] writing dependency_links to ../build/py_pubsub/py_pubsub.egg-info/dependency_links.txt
[0.655s] writing entry points to ../build/py_pubsub/py_pubsub.egg-info/entry_points.txt
[0.656s] writing requirements to ../build/py_pubsub/py_pubsub.egg-info/requires.txt
[0.659s] writing top-level names to ../build/py_pubsub/py_pubsub.egg-info/top_level.txt
[0.691s] reading manifest file '../build/py_pubsub/py_pubsub.egg-info/SOURCES.txt'
[0.695s] adding license file 'LICENSE'
[0.695s] writing manifest file '../build/py_pubsub/py_pubsub.egg-info/SOURCES.txt'
[0.698s] running build
[0.698s] running build_py
[0.699s] copying py_pubsub/publisher_member_function.py -> /home/downink4/WWU/CS497/ros-lab-2/build/py_pubsub/build/lib/py_pubsub
[0.705s] running install
[0.714s] running install_lib
[0.731s] copying /home/downink4/WWU/CS497/ros-lab-2/build/py_pubsub/build/lib/py_pubsub/publisher_member_function.py -> /home/downink4/WWU/CS497/ros-lab-2/install/py_pubsub/lib/python3.12/site-packages/py_pubsub
[0.736s] byte-compiling /home/downink4/WWU/CS497/ros-lab-2/install/py_pubsub/lib/python3.12/site-packages/py_pubsub/publisher_member_function.py to publisher_member_function.cpython-312.pyc
[0.744s] running install_data
[0.745s] running install_egg_info
[0.771s] removing '/home/downink4/WWU/CS497/ros-lab-2/install/py_pubsub/lib/python3.12/site-packages/py_pubsub-0.0.0-py3.12.egg-info' (and everything under it)
[0.781s] Copying ../build/py_pubsub/py_pubsub.egg-info to /home/downink4/WWU/CS497/ros-lab-2/install/py_pubsub/lib/python3.12/site-packages/py_pubsub-0.0.0-py3.12.egg-info
[0.820s] running install_scripts
[0.965s] Installing talker script to /home/downink4/WWU/CS497/ros-lab-2/install/py_pubsub/lib/py_pubsub
[0.969s] writing list of installed files to '/home/downink4/WWU/CS497/ros-lab-2/build/py_pubsub/install.log'
[0.984s] Invoked command in '/home/downink4/WWU/CS497/ros-lab-2/py_pubsub' returned '0': PYTHONPATH=/home/downink4/WWU/CS497/ros-lab-2/build/py_pubsub/prefix_override:/usr/lib/python3/dist-packages/colcon_core/task/python/colcon_distutils_commands:/home/downink4/WWU/CS497/ros-lab-2/install/py_pubsub/lib/python3.12/site-packages:${PYTHONPATH} /usr/bin/python3 -W ignore:setup.py install is deprecated -W ignore:easy_install command is deprecated setup.py egg_info --egg-base ../build/py_pubsub build --build-base /home/downink4/WWU/CS497/ros-lab-2/build/py_pubsub/build install --record /home/downink4/WWU/CS497/ros-lab-2/build/py_pubsub/install.log --single-version-externally-managed install_data
