[0.036s] Invoking command in '/home/downink4/WWU/CS497/ros-lab-2/build/ros_gz_bringup': AMENT_PREFIX_PATH=/home/downink4/WWU/CS497/ros-lab-2/install/ros_gz_gazebo:${AMENT_PREFIX_PATH} CMAKE_PREFIX_PATH=/home/downink4/WWU/CS497/ros-lab-2/install/ros_gz_gazebo:/home/downink4/WWU/CS497/ros-lab-2/install/ros_gz_description:/opt/ros/jazzy/opt/gz_sim_vendor:/opt/ros/jazzy/opt/gz_sensors_vendor:/opt/ros/jazzy/opt/gz_physics_vendor:/opt/ros/jazzy/opt/sdformat_vendor:/opt/ros/jazzy/opt/gz_gui_vendor:/opt/ros/jazzy/opt/gz_transport_vendor:/opt/ros/jazzy/opt/gz_rendering_vendor:/opt/ros/jazzy/opt/gz_plugin_vendor:/opt/ros/jazzy/opt/gz_fuel_tools_vendor:/opt/ros/jazzy/opt/gz_msgs_vendor:/opt/ros/jazzy/opt/gz_common_vendor:/opt/ros/jazzy/opt/gz_math_vendor:/opt/ros/jazzy/opt/gz_utils_vendor:/opt/ros/jazzy/opt/gz_tools_vendor:/opt/ros/jazzy/opt/gz_ogre_next_vendor:/opt/ros/jazzy/opt/gz_dartsim_vendor:/opt/ros/jazzy/opt/gz_cmake_vendor:/opt/ros/jazzy GZ_SIM_PLUGIN_PATH=/home/downink4/WWU/CS497/ros-lab-2/install/ros_gz_gazebo/lib/ros_gz_gazebo GZ_SIM_RESOURCE_PATH=/home/downink4/WWU/CS497/ros-lab-2/install/ros_gz_gazebo/share/ros_gz_gazebo/worlds PS1=<ROS2-Jazzy>[\u@\h \W]$ /usr/bin/cmake /home/downink4/WWU/CS497/ros-lab-2/ros_gz_bringup -DBUILD_TESTING=ON -DCMAKE_INSTALL_PREFIX=/home/downink4/WWU/CS497/ros-lab-2/install/ros_gz_bringup
[0.198s] -- The C compiler identification is GNU 13.3.0
[0.332s] -- The CXX compiler identification is GNU 13.3.0
[0.383s] -- Detecting C compiler ABI info
[0.743s] -- Detecting C compiler ABI info - done
[0.754s] -- Check for working C compiler: /usr/bin/cc - skipped
[0.754s] -- Detecting C compile features
[0.754s] -- Detecting C compile features - done
[0.793s] -- Detecting CXX compiler ABI info
[1.158s] -- Detecting CXX compiler ABI info - done
[1.176s] -- Check for working CXX compiler: /usr/bin/c++ - skipped
[1.177s] -- Detecting CXX compile features
[1.177s] -- Detecting CXX compile features - done
[1.231s] -- Found ament_cmake: 2.5.3 (/opt/ros/jazzy/share/ament_cmake/cmake)
[1.491s] -- Found Python3: /usr/bin/python3 (found version "3.12.3") found components: Interpreter 
[2.047s] -- Found ros_gz_description: 0.0.0 (/home/downink4/WWU/CS497/ros-lab-2/install/ros_gz_description/share/ros_gz_description/cmake)
[2.057s] -- Found ros_gz_gazebo: 0.0.0 (/home/downink4/WWU/CS497/ros-lab-2/install/ros_gz_gazebo/share/ros_gz_gazebo/cmake)
[2.091s] -- Found ament_lint_auto: 0.17.2 (/opt/ros/jazzy/share/ament_lint_auto/cmake)
[2.243s] -- Configuring done (2.2s)
[2.342s] -- Generating done (0.1s)
[2.386s] -- Build files have been written to: /home/downink4/WWU/CS497/ros-lab-2/build/ros_gz_bringup
[2.394s] Invoked command in '/home/downink4/WWU/CS497/ros-lab-2/build/ros_gz_bringup' returned '0': AMENT_PREFIX_PATH=/home/downink4/WWU/CS497/ros-lab-2/install/ros_gz_gazebo:${AMENT_PREFIX_PATH} CMAKE_PREFIX_PATH=/home/downink4/WWU/CS497/ros-lab-2/install/ros_gz_gazebo:/home/downink4/WWU/CS497/ros-lab-2/install/ros_gz_description:/opt/ros/jazzy/opt/gz_sim_vendor:/opt/ros/jazzy/opt/gz_sensors_vendor:/opt/ros/jazzy/opt/gz_physics_vendor:/opt/ros/jazzy/opt/sdformat_vendor:/opt/ros/jazzy/opt/gz_gui_vendor:/opt/ros/jazzy/opt/gz_transport_vendor:/opt/ros/jazzy/opt/gz_rendering_vendor:/opt/ros/jazzy/opt/gz_plugin_vendor:/opt/ros/jazzy/opt/gz_fuel_tools_vendor:/opt/ros/jazzy/opt/gz_msgs_vendor:/opt/ros/jazzy/opt/gz_common_vendor:/opt/ros/jazzy/opt/gz_math_vendor:/opt/ros/jazzy/opt/gz_utils_vendor:/opt/ros/jazzy/opt/gz_tools_vendor:/opt/ros/jazzy/opt/gz_ogre_next_vendor:/opt/ros/jazzy/opt/gz_dartsim_vendor:/opt/ros/jazzy/opt/gz_cmake_vendor:/opt/ros/jazzy GZ_SIM_PLUGIN_PATH=/home/downink4/WWU/CS497/ros-lab-2/install/ros_gz_gazebo/lib/ros_gz_gazebo GZ_SIM_RESOURCE_PATH=/home/downink4/WWU/CS497/ros-lab-2/install/ros_gz_gazebo/share/ros_gz_gazebo/worlds PS1=<ROS2-Jazzy>[\u@\h \W]$ /usr/bin/cmake /home/downink4/WWU/CS497/ros-lab-2/ros_gz_bringup -DBUILD_TESTING=ON -DCMAKE_INSTALL_PREFIX=/home/downink4/WWU/CS497/ros-lab-2/install/ros_gz_bringup
[2.396s] Invoking command in '/home/downink4/WWU/CS497/ros-lab-2/build/ros_gz_bringup': AMENT_PREFIX_PATH=/home/downink4/WWU/CS497/ros-lab-2/install/ros_gz_gazebo:${AMENT_PREFIX_PATH} CMAKE_PREFIX_PATH=/home/downink4/WWU/CS497/ros-lab-2/install/ros_gz_gazebo:/home/downink4/WWU/CS497/ros-lab-2/install/ros_gz_description:/opt/ros/jazzy/opt/gz_sim_vendor:/opt/ros/jazzy/opt/gz_sensors_vendor:/opt/ros/jazzy/opt/gz_physics_vendor:/opt/ros/jazzy/opt/sdformat_vendor:/opt/ros/jazzy/opt/gz_gui_vendor:/opt/ros/jazzy/opt/gz_transport_vendor:/opt/ros/jazzy/opt/gz_rendering_vendor:/opt/ros/jazzy/opt/gz_plugin_vendor:/opt/ros/jazzy/opt/gz_fuel_tools_vendor:/opt/ros/jazzy/opt/gz_msgs_vendor:/opt/ros/jazzy/opt/gz_common_vendor:/opt/ros/jazzy/opt/gz_math_vendor:/opt/ros/jazzy/opt/gz_utils_vendor:/opt/ros/jazzy/opt/gz_tools_vendor:/opt/ros/jazzy/opt/gz_ogre_next_vendor:/opt/ros/jazzy/opt/gz_dartsim_vendor:/opt/ros/jazzy/opt/gz_cmake_vendor:/opt/ros/jazzy GZ_SIM_PLUGIN_PATH=/home/downink4/WWU/CS497/ros-lab-2/install/ros_gz_gazebo/lib/ros_gz_gazebo GZ_SIM_RESOURCE_PATH=/home/downink4/WWU/CS497/ros-lab-2/install/ros_gz_gazebo/share/ros_gz_gazebo/worlds PS1=<ROS2-Jazzy>[\u@\h \W]$ /usr/bin/cmake --build /home/downink4/WWU/CS497/ros-lab-2/build/ros_gz_bringup -- -j28 -l28
[2.502s] Invoked command in '/home/downink4/WWU/CS497/ros-lab-2/build/ros_gz_bringup' returned '0': AMENT_PREFIX_PATH=/home/downink4/WWU/CS497/ros-lab-2/install/ros_gz_gazebo:${AMENT_PREFIX_PATH} CMAKE_PREFIX_PATH=/home/downink4/WWU/CS497/ros-lab-2/install/ros_gz_gazebo:/home/downink4/WWU/CS497/ros-lab-2/install/ros_gz_description:/opt/ros/jazzy/opt/gz_sim_vendor:/opt/ros/jazzy/opt/gz_sensors_vendor:/opt/ros/jazzy/opt/gz_physics_vendor:/opt/ros/jazzy/opt/sdformat_vendor:/opt/ros/jazzy/opt/gz_gui_vendor:/opt/ros/jazzy/opt/gz_transport_vendor:/opt/ros/jazzy/opt/gz_rendering_vendor:/opt/ros/jazzy/opt/gz_plugin_vendor:/opt/ros/jazzy/opt/gz_fuel_tools_vendor:/opt/ros/jazzy/opt/gz_msgs_vendor:/opt/ros/jazzy/opt/gz_common_vendor:/opt/ros/jazzy/opt/gz_math_vendor:/opt/ros/jazzy/opt/gz_utils_vendor:/opt/ros/jazzy/opt/gz_tools_vendor:/opt/ros/jazzy/opt/gz_ogre_next_vendor:/opt/ros/jazzy/opt/gz_dartsim_vendor:/opt/ros/jazzy/opt/gz_cmake_vendor:/opt/ros/jazzy GZ_SIM_PLUGIN_PATH=/home/downink4/WWU/CS497/ros-lab-2/install/ros_gz_gazebo/lib/ros_gz_gazebo GZ_SIM_RESOURCE_PATH=/home/downink4/WWU/CS497/ros-lab-2/install/ros_gz_gazebo/share/ros_gz_gazebo/worlds PS1=<ROS2-Jazzy>[\u@\h \W]$ /usr/bin/cmake --build /home/downink4/WWU/CS497/ros-lab-2/build/ros_gz_bringup -- -j28 -l28
[2.504s] Invoking command in '/home/downink4/WWU/CS497/ros-lab-2/build/ros_gz_bringup': AMENT_PREFIX_PATH=/home/downink4/WWU/CS497/ros-lab-2/install/ros_gz_gazebo:${AMENT_PREFIX_PATH} CMAKE_PREFIX_PATH=/home/downink4/WWU/CS497/ros-lab-2/install/ros_gz_gazebo:/home/downink4/WWU/CS497/ros-lab-2/install/ros_gz_description:/opt/ros/jazzy/opt/gz_sim_vendor:/opt/ros/jazzy/opt/gz_sensors_vendor:/opt/ros/jazzy/opt/gz_physics_vendor:/opt/ros/jazzy/opt/sdformat_vendor:/opt/ros/jazzy/opt/gz_gui_vendor:/opt/ros/jazzy/opt/gz_transport_vendor:/opt/ros/jazzy/opt/gz_rendering_vendor:/opt/ros/jazzy/opt/gz_plugin_vendor:/opt/ros/jazzy/opt/gz_fuel_tools_vendor:/opt/ros/jazzy/opt/gz_msgs_vendor:/opt/ros/jazzy/opt/gz_common_vendor:/opt/ros/jazzy/opt/gz_math_vendor:/opt/ros/jazzy/opt/gz_utils_vendor:/opt/ros/jazzy/opt/gz_tools_vendor:/opt/ros/jazzy/opt/gz_ogre_next_vendor:/opt/ros/jazzy/opt/gz_dartsim_vendor:/opt/ros/jazzy/opt/gz_cmake_vendor:/opt/ros/jazzy GZ_SIM_PLUGIN_PATH=/home/downink4/WWU/CS497/ros-lab-2/install/ros_gz_gazebo/lib/ros_gz_gazebo GZ_SIM_RESOURCE_PATH=/home/downink4/WWU/CS497/ros-lab-2/install/ros_gz_gazebo/share/ros_gz_gazebo/worlds PS1=<ROS2-Jazzy>[\u@\h \W]$ /usr/bin/cmake --install /home/downink4/WWU/CS497/ros-lab-2/build/ros_gz_bringup
[2.527s] -- Install configuration: ""
[2.527s] -- Installing: /home/downink4/WWU/CS497/ros-lab-2/install/ros_gz_bringup/share/ros_gz_bringup/launch
[2.535s] -- Installing: /home/downink4/WWU/CS497/ros-lab-2/install/ros_gz_bringup/share/ros_gz_bringup/launch/diff_drive.launch.py
[2.542s] -- Installing: /home/downink4/WWU/CS497/ros-lab-2/install/ros_gz_bringup/share/ros_gz_bringup/config
[2.547s] -- Installing: /home/downink4/WWU/CS497/ros-lab-2/install/ros_gz_bringup/share/ros_gz_bringup/config/diff_drive.rviz
[2.554s] -- Installing: /home/downink4/WWU/CS497/ros-lab-2/install/ros_gz_bringup/share/ros_gz_bringup/config/ros_gz_bridge.yaml
[2.566s] -- Installing: /home/downink4/WWU/CS497/ros-lab-2/install/ros_gz_bringup/share/ament_index/resource_index/package_run_dependencies/ros_gz_bringup
[2.576s] -- Installing: /home/downink4/WWU/CS497/ros-lab-2/install/ros_gz_bringup/share/ament_index/resource_index/parent_prefix_path/ros_gz_bringup
[2.587s] -- Installing: /home/downink4/WWU/CS497/ros-lab-2/install/ros_gz_bringup/share/ros_gz_bringup/environment/ament_prefix_path.sh
[2.594s] -- Installing: /home/downink4/WWU/CS497/ros-lab-2/install/ros_gz_bringup/share/ros_gz_bringup/environment/ament_prefix_path.dsv
[2.600s] -- Installing: /home/downink4/WWU/CS497/ros-lab-2/install/ros_gz_bringup/share/ros_gz_bringup/environment/path.sh
[2.606s] -- Installing: /home/downink4/WWU/CS497/ros-lab-2/install/ros_gz_bringup/share/ros_gz_bringup/environment/path.dsv
[2.612s] -- Installing: /home/downink4/WWU/CS497/ros-lab-2/install/ros_gz_bringup/share/ros_gz_bringup/local_setup.bash
[2.618s] -- Installing: /home/downink4/WWU/CS497/ros-lab-2/install/ros_gz_bringup/share/ros_gz_bringup/local_setup.sh
[2.626s] -- Installing: /home/downink4/WWU/CS497/ros-lab-2/install/ros_gz_bringup/share/ros_gz_bringup/local_setup.zsh
[2.633s] -- Installing: /home/downink4/WWU/CS497/ros-lab-2/install/ros_gz_bringup/share/ros_gz_bringup/local_setup.dsv
[2.641s] -- Installing: /home/downink4/WWU/CS497/ros-lab-2/install/ros_gz_bringup/share/ros_gz_bringup/package.dsv
[2.652s] -- Installing: /home/downink4/WWU/CS497/ros-lab-2/install/ros_gz_bringup/share/ament_index/resource_index/packages/ros_gz_bringup
[2.662s] -- Installing: /home/downink4/WWU/CS497/ros-lab-2/install/ros_gz_bringup/share/ros_gz_bringup/cmake/ros_gz_bringupConfig.cmake
[2.668s] -- Installing: /home/downink4/WWU/CS497/ros-lab-2/install/ros_gz_bringup/share/ros_gz_bringup/cmake/ros_gz_bringupConfig-version.cmake
[2.676s] -- Installing: /home/downink4/WWU/CS497/ros-lab-2/install/ros_gz_bringup/share/ros_gz_bringup/package.xml
[2.687s] Invoked command in '/home/downink4/WWU/CS497/ros-lab-2/build/ros_gz_bringup' returned '0': AMENT_PREFIX_PATH=/home/downink4/WWU/CS497/ros-lab-2/install/ros_gz_gazebo:${AMENT_PREFIX_PATH} CMAKE_PREFIX_PATH=/home/downink4/WWU/CS497/ros-lab-2/install/ros_gz_gazebo:/home/downink4/WWU/CS497/ros-lab-2/install/ros_gz_description:/opt/ros/jazzy/opt/gz_sim_vendor:/opt/ros/jazzy/opt/gz_sensors_vendor:/opt/ros/jazzy/opt/gz_physics_vendor:/opt/ros/jazzy/opt/sdformat_vendor:/opt/ros/jazzy/opt/gz_gui_vendor:/opt/ros/jazzy/opt/gz_transport_vendor:/opt/ros/jazzy/opt/gz_rendering_vendor:/opt/ros/jazzy/opt/gz_plugin_vendor:/opt/ros/jazzy/opt/gz_fuel_tools_vendor:/opt/ros/jazzy/opt/gz_msgs_vendor:/opt/ros/jazzy/opt/gz_common_vendor:/opt/ros/jazzy/opt/gz_math_vendor:/opt/ros/jazzy/opt/gz_utils_vendor:/opt/ros/jazzy/opt/gz_tools_vendor:/opt/ros/jazzy/opt/gz_ogre_next_vendor:/opt/ros/jazzy/opt/gz_dartsim_vendor:/opt/ros/jazzy/opt/gz_cmake_vendor:/opt/ros/jazzy GZ_SIM_PLUGIN_PATH=/home/downink4/WWU/CS497/ros-lab-2/install/ros_gz_gazebo/lib/ros_gz_gazebo GZ_SIM_RESOURCE_PATH=/home/downink4/WWU/CS497/ros-lab-2/install/ros_gz_gazebo/share/ros_gz_gazebo/worlds PS1=<ROS2-Jazzy>[\u@\h \W]$ /usr/bin/cmake --install /home/downink4/WWU/CS497/ros-lab-2/build/ros_gz_bringup
