[0.048s] Invoking command in '/home/downink4/WWU/CS497/ros-lab-2/build/ros_gz_app': CMAKE_PREFIX_PATH=${CMAKE_PREFIX_PATH}:/opt/ros/jazzy PS1=<ROS2-Jazzy>[\u@\h \W]$ /usr/bin/cmake /home/downink4/WWU/CS497/ros-lab-2/ros_gz_app -DBUILD_TESTING=ON -DCMAKE_INSTALL_PREFIX=/home/downink4/WWU/CS497/ros-lab-2/install/ros_gz_app
[1.160s] -- The C compiler identification is GNU 13.3.0
[1.670s] -- The CXX compiler identification is GNU 13.3.0
[1.735s] -- Detecting C compiler ABI info
[2.104s] -- Detecting C compiler ABI info - done
[2.121s] -- Check for working C compiler: /usr/bin/cc - skipped
[2.122s] -- Detecting C compile features
[2.123s] -- Detecting C compile features - done
[2.162s] -- Detecting CXX compiler ABI info
[2.451s] -- Detecting CXX compiler ABI info - done
[2.468s] -- Check for working CXX compiler: /usr/bin/c++ - skipped
[2.468s] -- Detecting CXX compile features
[2.468s] -- Detecting CXX compile features - done
[2.524s] -- Found ament_cmake: 2.5.3 (/opt/ros/jazzy/share/ament_cmake/cmake)
[2.699s] -- Found Python3: /usr/bin/python3 (found version "3.12.3") found components: Interpreter 
[3.307s] -- Configuring done (2.8s)
[3.420s] -- Generating done (0.1s)
[3.474s] -- Build files have been written to: /home/downink4/WWU/CS497/ros-lab-2/build/ros_gz_app
[3.482s] Invoked command in '/home/downink4/WWU/CS497/ros-lab-2/build/ros_gz_app' returned '0': CMAKE_PREFIX_PATH=${CMAKE_PREFIX_PATH}:/opt/ros/jazzy PS1=<ROS2-Jazzy>[\u@\h \W]$ /usr/bin/cmake /home/downink4/WWU/CS497/ros-lab-2/ros_gz_app -DBUILD_TESTING=ON -DCMAKE_INSTALL_PREFIX=/home/downink4/WWU/CS497/ros-lab-2/install/ros_gz_app
[3.483s] Invoking command in '/home/downink4/WWU/CS497/ros-lab-2/build/ros_gz_app': CMAKE_PREFIX_PATH=${CMAKE_PREFIX_PATH}:/opt/ros/jazzy PS1=<ROS2-Jazzy>[\u@\h \W]$ /usr/bin/cmake --build /home/downink4/WWU/CS497/ros-lab-2/build/ros_gz_app -- -j28 -l28
[3.578s] Invoked command in '/home/downink4/WWU/CS497/ros-lab-2/build/ros_gz_app' returned '0': CMAKE_PREFIX_PATH=${CMAKE_PREFIX_PATH}:/opt/ros/jazzy PS1=<ROS2-Jazzy>[\u@\h \W]$ /usr/bin/cmake --build /home/downink4/WWU/CS497/ros-lab-2/build/ros_gz_app -- -j28 -l28
[3.580s] Invoking command in '/home/downink4/WWU/CS497/ros-lab-2/build/ros_gz_app': CMAKE_PREFIX_PATH=${CMAKE_PREFIX_PATH}:/opt/ros/jazzy PS1=<ROS2-Jazzy>[\u@\h \W]$ /usr/bin/cmake --install /home/downink4/WWU/CS497/ros-lab-2/build/ros_gz_app
[3.599s] -- Install configuration: ""
[3.607s] -- Installing: /home/downink4/WWU/CS497/ros-lab-2/install/ros_gz_app/share/ament_index/resource_index/package_run_dependencies/ros_gz_app
[3.618s] -- Installing: /home/downink4/WWU/CS497/ros-lab-2/install/ros_gz_app/share/ament_index/resource_index/parent_prefix_path/ros_gz_app
[3.628s] -- Installing: /home/downink4/WWU/CS497/ros-lab-2/install/ros_gz_app/share/ros_gz_app/environment/ament_prefix_path.sh
[3.635s] -- Installing: /home/downink4/WWU/CS497/ros-lab-2/install/ros_gz_app/share/ros_gz_app/environment/ament_prefix_path.dsv
[3.641s] -- Installing: /home/downink4/WWU/CS497/ros-lab-2/install/ros_gz_app/share/ros_gz_app/environment/path.sh
[3.647s] -- Installing: /home/downink4/WWU/CS497/ros-lab-2/install/ros_gz_app/share/ros_gz_app/environment/path.dsv
[3.654s] -- Installing: /home/downink4/WWU/CS497/ros-lab-2/install/ros_gz_app/share/ros_gz_app/local_setup.bash
[3.660s] -- Installing: /home/downink4/WWU/CS497/ros-lab-2/install/ros_gz_app/share/ros_gz_app/local_setup.sh
[3.667s] -- Installing: /home/downink4/WWU/CS497/ros-lab-2/install/ros_gz_app/share/ros_gz_app/local_setup.zsh
[3.675s] -- Installing: /home/downink4/WWU/CS497/ros-lab-2/install/ros_gz_app/share/ros_gz_app/local_setup.dsv
[3.683s] -- Installing: /home/downink4/WWU/CS497/ros-lab-2/install/ros_gz_app/share/ros_gz_app/package.dsv
[3.694s] -- Installing: /home/downink4/WWU/CS497/ros-lab-2/install/ros_gz_app/share/ament_index/resource_index/packages/ros_gz_app
[3.704s] -- Installing: /home/downink4/WWU/CS497/ros-lab-2/install/ros_gz_app/share/ros_gz_app/cmake/ros_gz_appConfig.cmake
[3.711s] -- Installing: /home/downink4/WWU/CS497/ros-lab-2/install/ros_gz_app/share/ros_gz_app/cmake/ros_gz_appConfig-version.cmake
[3.718s] -- Installing: /home/downink4/WWU/CS497/ros-lab-2/install/ros_gz_app/share/ros_gz_app/package.xml
[3.728s] Invoked command in '/home/downink4/WWU/CS497/ros-lab-2/build/ros_gz_app' returned '0': CMAKE_PREFIX_PATH=${CMAKE_PREFIX_PATH}:/opt/ros/jazzy PS1=<ROS2-Jazzy>[\u@\h \W]$ /usr/bin/cmake --install /home/downink4/WWU/CS497/ros-lab-2/build/ros_gz_app
