[0.521s] Invoking command in '/home/downink4/WWU/CS497/ros-lab-2/py_pubsub': PYTHONPATH=/home/downink4/WWU/CS497/ros-lab-2/build/py_pubsub/prefix_override:/usr/lib/python3/dist-packages/colcon_core/task/python/colcon_distutils_commands:/home/downink4/WWU/CS497/ros-lab-2/install/py_pubsub/lib/python3.12/site-packages:${PYTHONPATH} /usr/bin/python3 -W ignore:setup.py install is deprecated -W ignore:easy_install command is deprecated setup.py egg_info --egg-base ../build/py_pubsub build --build-base /home/downink4/WWU/CS497/ros-lab-2/build/py_pubsub/build install --record /home/downink4/WWU/CS497/ros-lab-2/build/py_pubsub/install.log --single-version-externally-managed install_data
[0.660s] running egg_info
[0.669s] writing ../build/py_pubsub/py_pubsub.egg-info/PKG-INFO
[0.672s] writing dependency_links to ../build/py_pubsub/py_pubsub.egg-info/dependency_links.txt
[0.674s] writing entry points to ../build/py_pubsub/py_pubsub.egg-info/entry_points.txt
[0.677s] writing requirements to ../build/py_pubsub/py_pubsub.egg-info/requires.txt
[0.679s] writing top-level names to ../build/py_pubsub/py_pubsub.egg-info/top_level.txt
[0.713s] reading manifest file '../build/py_pubsub/py_pubsub.egg-info/SOURCES.txt'
[0.715s] adding license file 'LICENSE'
[0.715s] writing manifest file '../build/py_pubsub/py_pubsub.egg-info/SOURCES.txt'
[0.717s] running build
[0.717s] running build_py
[0.718s] copying py_pubsub/publisher_member_function.py -> /home/downink4/WWU/CS497/ros-lab-2/build/py_pubsub/build/lib/py_pubsub
[0.721s] running install
[0.732s] running install_lib
[0.745s] copying /home/downink4/WWU/CS497/ros-lab-2/build/py_pubsub/build/lib/py_pubsub/publisher_member_function.py -> /home/downink4/WWU/CS497/ros-lab-2/install/py_pubsub/lib/python3.12/site-packages/py_pubsub
[0.750s] byte-compiling /home/downink4/WWU/CS497/ros-lab-2/install/py_pubsub/lib/python3.12/site-packages/py_pubsub/publisher_member_function.py to publisher_member_function.cpython-312.pyc
[0.754s] running install_data
[0.754s] running install_egg_info
[0.765s] removing '/home/downink4/WWU/CS497/ros-lab-2/install/py_pubsub/lib/python3.12/site-packages/py_pubsub-0.0.0-py3.12.egg-info' (and everything under it)
[0.771s] Copying ../build/py_pubsub/py_pubsub.egg-info to /home/downink4/WWU/CS497/ros-lab-2/install/py_pubsub/lib/python3.12/site-packages/py_pubsub-0.0.0-py3.12.egg-info
[0.799s] running install_scripts
[0.999s] Installing talker script to /home/downink4/WWU/CS497/ros-lab-2/install/py_pubsub/lib/py_pubsub
[1.002s] writing list of installed files to '/home/downink4/WWU/CS497/ros-lab-2/build/py_pubsub/install.log'
[1.016s] Invoked command in '/home/downink4/WWU/CS497/ros-lab-2/py_pubsub' returned '0': PYTHONPATH=/home/downink4/WWU/CS497/ros-lab-2/build/py_pubsub/prefix_override:/usr/lib/python3/dist-packages/colcon_core/task/python/colcon_distutils_commands:/home/downink4/WWU/CS497/ros-lab-2/install/py_pubsub/lib/python3.12/site-packages:${PYTHONPATH} /usr/bin/python3 -W ignore:setup.py install is deprecated -W ignore:easy_install command is deprecated setup.py egg_info --egg-base ../build/py_pubsub build --build-base /home/downink4/WWU/CS497/ros-lab-2/build/py_pubsub/build install --record /home/downink4/WWU/CS497/ros-lab-2/build/py_pubsub/install.log --single-version-externally-managed install_data
