[0.492s] Invoking command in '/home/downink4/WWU/CS497/ros-lab-2/py_pubsub': PYTHONPATH=/home/downink4/WWU/CS497/ros-lab-2/build/py_pubsub/prefix_override:/usr/lib/python3/dist-packages/colcon_core/task/python/colcon_distutils_commands:/home/downink4/WWU/CS497/ros-lab-2/install/py_pubsub/lib/python3.12/site-packages:${PYTHONPATH} /usr/bin/python3 -W ignore:setup.py install is deprecated -W ignore:easy_install command is deprecated setup.py egg_info --egg-base ../build/py_pubsub build --build-base /home/downink4/WWU/CS497/ros-lab-2/build/py_pubsub/build install --record /home/downink4/WWU/CS497/ros-lab-2/build/py_pubsub/install.log --single-version-externally-managed install_data
[0.626s] running egg_info
[0.635s] writing ../build/py_pubsub/py_pubsub.egg-info/PKG-INFO
[0.639s] writing dependency_links to ../build/py_pubsub/py_pubsub.egg-info/dependency_links.txt
[0.642s] writing entry points to ../build/py_pubsub/py_pubsub.egg-info/entry_points.txt
[0.644s] writing requirements to ../build/py_pubsub/py_pubsub.egg-info/requires.txt
[0.647s] writing top-level names to ../build/py_pubsub/py_pubsub.egg-info/top_level.txt
[0.682s] reading manifest file '../build/py_pubsub/py_pubsub.egg-info/SOURCES.txt'
[0.683s] adding license file 'LICENSE'
[0.683s] writing manifest file '../build/py_pubsub/py_pubsub.egg-info/SOURCES.txt'
[0.686s] running build
[0.686s] running build_py
[0.686s] copying py_pubsub/publisher_member_function.py -> /home/downink4/WWU/CS497/ros-lab-2/build/py_pubsub/build/lib/py_pubsub
[0.691s] running install
[0.696s] running install_lib
[0.709s] copying /home/downink4/WWU/CS497/ros-lab-2/build/py_pubsub/build/lib/py_pubsub/publisher_member_function.py -> /home/downink4/WWU/CS497/ros-lab-2/install/py_pubsub/lib/python3.12/site-packages/py_pubsub
[0.714s] byte-compiling /home/downink4/WWU/CS497/ros-lab-2/install/py_pubsub/lib/python3.12/site-packages/py_pubsub/publisher_member_function.py to publisher_member_function.cpython-312.pyc
[0.720s] running install_data
[0.720s] running install_egg_info
[0.733s] removing '/home/downink4/WWU/CS497/ros-lab-2/install/py_pubsub/lib/python3.12/site-packages/py_pubsub-0.0.0-py3.12.egg-info' (and everything under it)
[0.741s] Copying ../build/py_pubsub/py_pubsub.egg-info to /home/downink4/WWU/CS497/ros-lab-2/install/py_pubsub/lib/python3.12/site-packages/py_pubsub-0.0.0-py3.12.egg-info
[0.779s] running install_scripts
[1.003s] Installing talker script to /home/downink4/WWU/CS497/ros-lab-2/install/py_pubsub/lib/py_pubsub
[1.006s] writing list of installed files to '/home/downink4/WWU/CS497/ros-lab-2/build/py_pubsub/install.log'
[1.020s] Invoked command in '/home/downink4/WWU/CS497/ros-lab-2/py_pubsub' returned '0': PYTHONPATH=/home/downink4/WWU/CS497/ros-lab-2/build/py_pubsub/prefix_override:/usr/lib/python3/dist-packages/colcon_core/task/python/colcon_distutils_commands:/home/downink4/WWU/CS497/ros-lab-2/install/py_pubsub/lib/python3.12/site-packages:${PYTHONPATH} /usr/bin/python3 -W ignore:setup.py install is deprecated -W ignore:easy_install command is deprecated setup.py egg_info --egg-base ../build/py_pubsub build --build-base /home/downink4/WWU/CS497/ros-lab-2/build/py_pubsub/build install --record /home/downink4/WWU/CS497/ros-lab-2/build/py_pubsub/install.log --single-version-externally-managed install_data
