[0.537s] Invoking command in '/home/downink4/WWU/CS497/ros-lab-2/py_pubsub': PYTHONPATH=/home/downink4/WWU/CS497/ros-lab-2/build/py_pubsub/prefix_override:/usr/lib/python3/dist-packages/colcon_core/task/python/colcon_distutils_commands:/home/downink4/WWU/CS497/ros-lab-2/install/py_pubsub/lib/python3.12/site-packages:${PYTHONPATH} /usr/bin/python3 -W ignore:setup.py install is deprecated -W ignore:easy_install command is deprecated setup.py egg_info --egg-base ../build/py_pubsub build --build-base /home/downink4/WWU/CS497/ros-lab-2/build/py_pubsub/build install --record /home/downink4/WWU/CS497/ros-lab-2/build/py_pubsub/install.log --single-version-externally-managed install_data
[0.681s] running egg_info
[0.691s] writing ../build/py_pubsub/py_pubsub.egg-info/PKG-INFO
[0.695s] writing dependency_links to ../build/py_pubsub/py_pubsub.egg-info/dependency_links.txt
[0.698s] writing entry points to ../build/py_pubsub/py_pubsub.egg-info/entry_points.txt
[0.701s] writing requirements to ../build/py_pubsub/py_pubsub.egg-info/requires.txt
[0.703s] writing top-level names to ../build/py_pubsub/py_pubsub.egg-info/top_level.txt
[0.741s] reading manifest file '../build/py_pubsub/py_pubsub.egg-info/SOURCES.txt'
[0.742s] adding license file 'LICENSE'
[0.743s] writing manifest file '../build/py_pubsub/py_pubsub.egg-info/SOURCES.txt'
[0.745s] running build
[0.745s] running build_py
[0.746s] running install
[0.749s] running install_lib
[0.759s] running install_data
[0.759s] running install_egg_info
[0.769s] removing '/home/downink4/WWU/CS497/ros-lab-2/install/py_pubsub/lib/python3.12/site-packages/py_pubsub-0.0.0-py3.12.egg-info' (and everything under it)
[0.777s] Copying ../build/py_pubsub/py_pubsub.egg-info to /home/downink4/WWU/CS497/ros-lab-2/install/py_pubsub/lib/python3.12/site-packages/py_pubsub-0.0.0-py3.12.egg-info
[0.812s] running install_scripts
[0.966s] Installing talker script to /home/downink4/WWU/CS497/ros-lab-2/install/py_pubsub/lib/py_pubsub
[0.969s] writing list of installed files to '/home/downink4/WWU/CS497/ros-lab-2/build/py_pubsub/install.log'
[0.985s] Invoked command in '/home/downink4/WWU/CS497/ros-lab-2/py_pubsub' returned '0': PYTHONPATH=/home/downink4/WWU/CS497/ros-lab-2/build/py_pubsub/prefix_override:/usr/lib/python3/dist-packages/colcon_core/task/python/colcon_distutils_commands:/home/downink4/WWU/CS497/ros-lab-2/install/py_pubsub/lib/python3.12/site-packages:${PYTHONPATH} /usr/bin/python3 -W ignore:setup.py install is deprecated -W ignore:easy_install command is deprecated setup.py egg_info --egg-base ../build/py_pubsub build --build-base /home/downink4/WWU/CS497/ros-lab-2/build/py_pubsub/build install --record /home/downink4/WWU/CS497/ros-lab-2/build/py_pubsub/install.log --single-version-externally-managed install_data
